Command line
python D:\PycharmProject\MLP\venv\Scripts\chemprop_train --data_path Model_training_R/MPNN/For_D-MPNN_train&test/train.csv --dataset_type regression --save_dir Model_training_R/MPNN --features_generator rdkit_2d_normalized --no_features_scaling
Args
{'activation': 'ReLU',
 'adding_bond_types': True,
 'adding_h': False,
 'aggregation': 'mean',
 'aggregation_norm': 100,
 'atom_constraints': [],
 'atom_descriptor_scaling': True,
 'atom_descriptors': None,
 'atom_descriptors_path': None,
 'atom_descriptors_size': 0,
 'atom_features_size': 0,
 'atom_messages': False,
 'atom_targets': [],
 'batch_size': 50,
 'bias': False,
 'bias_solvent': False,
 'bond_constraints': [],
 'bond_descriptor_scaling': True,
 'bond_descriptors': None,
 'bond_descriptors_path': None,
 'bond_descriptors_size': 0,
 'bond_features_size': 0,
 'bond_targets': [],
 'cache_cutoff': 10000,
 'checkpoint_dir': None,
 'checkpoint_frzn': None,
 'checkpoint_path': None,
 'checkpoint_paths': None,
 'class_balance': False,
 'config_path': None,
 'constraints_path': None,
 'crossval_index_dir': None,
 'crossval_index_file': None,
 'crossval_index_sets': None,
 'cuda': False,
 'data_path': 'Model_training_R/MPNN/For_D-MPNN_train&test/train.csv',
 'data_weights_path': None,
 'dataset_type': 'regression',
 'depth': 3,
 'depth_solvent': 3,
 'device': device(type='cpu'),
 'dropout': 0.0,
 'empty_cache': False,
 'ensemble_size': 1,
 'epochs': 30,
 'evidential_regularization': 0,
 'explicit_h': False,
 'extra_metrics': [],
 'features_generator': ['rdkit_2d_normalized'],
 'features_only': False,
 'features_path': None,
 'features_scaling': False,
 'features_size': None,
 'ffn_hidden_size': 300,
 'ffn_num_layers': 2,
 'final_lr': 0.0001,
 'folds_file': None,
 'freeze_first_only': False,
 'frzn_ffn_layers': 0,
 'gpu': None,
 'grad_clip': None,
 'hidden_size': 300,
 'hidden_size_solvent': 300,
 'ignore_columns': None,
 'init_lr': 0.0001,
 'is_atom_bond_targets': False,
 'keeping_atom_map': False,
 'log_frequency': 10,
 'loss_function': 'mse',
 'max_data_size': None,
 'max_lr': 0.001,
 'metric': 'rmse',
 'metrics': ['rmse'],
 'minimize_score': True,
 'mpn_shared': False,
 'multiclass_num_classes': 3,
 'no_adding_bond_types': False,
 'no_atom_descriptor_scaling': False,
 'no_bond_descriptor_scaling': False,
 'no_cache_mol': False,
 'no_cuda': False,
 'no_features_scaling': True,
 'no_shared_atom_bond_ffn': False,
 'num_folds': 1,
 'num_lrs': 1,
 'num_tasks': 2,
 'num_workers': 8,
 'number_of_molecules': 1,
 'overwrite_default_atom_features': False,
 'overwrite_default_bond_features': False,
 'phase_features_path': None,
 'pytorch_seed': 0,
 'quiet': False,
 'reaction': False,
 'reaction_mode': 'reac_diff',
 'reaction_solvent': False,
 'resume_experiment': False,
 'save_dir': 'Model_training_R/MPNN',
 'save_preds': False,
 'save_smiles_splits': False,
 'seed': 0,
 'separate_test_atom_descriptors_path': None,
 'separate_test_bond_descriptors_path': None,
 'separate_test_constraints_path': None,
 'separate_test_features_path': None,
 'separate_test_path': None,
 'separate_test_phase_features_path': None,
 'separate_val_atom_descriptors_path': None,
 'separate_val_bond_descriptors_path': None,
 'separate_val_constraints_path': None,
 'separate_val_features_path': None,
 'separate_val_path': None,
 'separate_val_phase_features_path': None,
 'shared_atom_bond_ffn': True,
 'show_individual_scores': False,
 'smiles_columns': ['molecule'],
 'spectra_activation': 'exp',
 'spectra_phase_mask_path': None,
 'spectra_target_floor': 1e-08,
 'split_key_molecule': 0,
 'split_sizes': [0.8, 0.1, 0.1],
 'split_type': 'random',
 'target_columns': None,
 'target_weights': None,
 'task_names': ['solvent', 'label'],
 'test': False,
 'test_fold_index': None,
 'train_data_size': None,
 'undirected': False,
 'use_input_features': True,
 'val_fold_index': None,
 'warmup_epochs': 2.0,
 'weights_ffn_num_layers': 2}
Setting molecule featurization parameters to default.
Loading data
Command line
python D:\PycharmProject\MLP\venv\Scripts\chemprop_train --data_path Model_training_R/MPNN/For_D-MPNN_train&test/train.csv --dataset_type regression --save_dir Model_training_R/MPNN --features_generator rdkit_2d_normalized --no_features_scaling
Args
{'activation': 'ReLU',
 'adding_bond_types': True,
 'adding_h': False,
 'aggregation': 'mean',
 'aggregation_norm': 100,
 'atom_constraints': [],
 'atom_descriptor_scaling': True,
 'atom_descriptors': None,
 'atom_descriptors_path': None,
 'atom_descriptors_size': 0,
 'atom_features_size': 0,
 'atom_messages': False,
 'atom_targets': [],
 'batch_size': 50,
 'bias': False,
 'bias_solvent': False,
 'bond_constraints': [],
 'bond_descriptor_scaling': True,
 'bond_descriptors': None,
 'bond_descriptors_path': None,
 'bond_descriptors_size': 0,
 'bond_features_size': 0,
 'bond_targets': [],
 'cache_cutoff': 10000,
 'checkpoint_dir': None,
 'checkpoint_frzn': None,
 'checkpoint_path': None,
 'checkpoint_paths': None,
 'class_balance': False,
 'config_path': None,
 'constraints_path': None,
 'crossval_index_dir': None,
 'crossval_index_file': None,
 'crossval_index_sets': None,
 'cuda': False,
 'data_path': 'Model_training_R/MPNN/For_D-MPNN_train&test/train.csv',
 'data_weights_path': None,
 'dataset_type': 'regression',
 'depth': 3,
 'depth_solvent': 3,
 'device': device(type='cpu'),
 'dropout': 0.0,
 'empty_cache': False,
 'ensemble_size': 1,
 'epochs': 30,
 'evidential_regularization': 0,
 'explicit_h': False,
 'extra_metrics': [],
 'features_generator': ['rdkit_2d_normalized'],
 'features_only': False,
 'features_path': None,
 'features_scaling': False,
 'features_size': None,
 'ffn_hidden_size': 300,
 'ffn_num_layers': 2,
 'final_lr': 0.0001,
 'folds_file': None,
 'freeze_first_only': False,
 'frzn_ffn_layers': 0,
 'gpu': None,
 'grad_clip': None,
 'hidden_size': 300,
 'hidden_size_solvent': 300,
 'ignore_columns': None,
 'init_lr': 0.0001,
 'is_atom_bond_targets': False,
 'keeping_atom_map': False,
 'log_frequency': 10,
 'loss_function': 'mse',
 'max_data_size': None,
 'max_lr': 0.001,
 'metric': 'rmse',
 'metrics': ['rmse'],
 'minimize_score': True,
 'mpn_shared': False,
 'multiclass_num_classes': 3,
 'no_adding_bond_types': False,
 'no_atom_descriptor_scaling': False,
 'no_bond_descriptor_scaling': False,
 'no_cache_mol': False,
 'no_cuda': False,
 'no_features_scaling': True,
 'no_shared_atom_bond_ffn': False,
 'num_folds': 1,
 'num_lrs': 1,
 'num_tasks': 1,
 'num_workers': 8,
 'number_of_molecules': 1,
 'overwrite_default_atom_features': False,
 'overwrite_default_bond_features': False,
 'phase_features_path': None,
 'pytorch_seed': 0,
 'quiet': False,
 'reaction': False,
 'reaction_mode': 'reac_diff',
 'reaction_solvent': False,
 'resume_experiment': False,
 'save_dir': 'Model_training_R/MPNN',
 'save_preds': False,
 'save_smiles_splits': False,
 'seed': 0,
 'separate_test_atom_descriptors_path': None,
 'separate_test_bond_descriptors_path': None,
 'separate_test_constraints_path': None,
 'separate_test_features_path': None,
 'separate_test_path': None,
 'separate_test_phase_features_path': None,
 'separate_val_atom_descriptors_path': None,
 'separate_val_bond_descriptors_path': None,
 'separate_val_constraints_path': None,
 'separate_val_features_path': None,
 'separate_val_path': None,
 'separate_val_phase_features_path': None,
 'shared_atom_bond_ffn': True,
 'show_individual_scores': False,
 'smiles_columns': ['molecule'],
 'spectra_activation': 'exp',
 'spectra_phase_mask_path': None,
 'spectra_target_floor': 1e-08,
 'split_key_molecule': 0,
 'split_sizes': [0.8, 0.1, 0.1],
 'split_type': 'random',
 'target_columns': None,
 'target_weights': None,
 'task_names': ['label'],
 'test': False,
 'test_fold_index': None,
 'train_data_size': None,
 'undirected': False,
 'use_input_features': True,
 'val_fold_index': None,
 'warmup_epochs': 2.0,
 'weights_ffn_num_layers': 2}
Setting molecule featurization parameters to default.
Loading data
Number of tasks = 1
Fold 0
Splitting data with seed 0
Total size = 14,764 | train size = 11,811 | val size = 1,476 | test size = 1,477
Fitting scaler
Building model 0
MoleculeModel(
  (encoder): MPN(
    (encoder): ModuleList(
      (0): MPNEncoder(
        (dropout): Dropout(p=0.0, inplace=False)
        (act_func): ReLU()
        (W_i): Linear(in_features=147, out_features=300, bias=False)
        (W_h): Linear(in_features=300, out_features=300, bias=False)
        (W_o): Linear(in_features=433, out_features=300, bias=True)
      )
    )
  )
  (readout): Sequential(
    (0): Dropout(p=0.0, inplace=False)
    (1): Linear(in_features=500, out_features=300, bias=True)
    (2): ReLU()
    (3): Dropout(p=0.0, inplace=False)
    (4): Linear(in_features=300, out_features=1, bias=True)
  )
)
Number of parameters = 415,201
Epoch 0
Loss = 8.6838e-01, PNorm = 35.0668, GNorm = 5.1022, lr_0 = 1.2097e-04
Loss = 5.7429e-01, PNorm = 35.0695, GNorm = 2.2567, lr_0 = 1.4004e-04
Loss = 5.7778e-01, PNorm = 35.0727, GNorm = 3.3925, lr_0 = 1.5911e-04
Loss = 5.1940e-01, PNorm = 35.0754, GNorm = 2.5192, lr_0 = 1.7818e-04
Loss = 5.3653e-01, PNorm = 35.0793, GNorm = 3.1889, lr_0 = 1.9725e-04
Loss = 4.9709e-01, PNorm = 35.0846, GNorm = 5.3589, lr_0 = 2.1631e-04
Loss = 4.7038e-01, PNorm = 35.0889, GNorm = 5.9131, lr_0 = 2.3538e-04
Loss = 3.4533e-01, PNorm = 35.0933, GNorm = 1.0869, lr_0 = 2.5445e-04
Loss = 3.9578e-01, PNorm = 35.0982, GNorm = 6.9990, lr_0 = 2.7352e-04
Loss = 3.2181e-01, PNorm = 35.1046, GNorm = 2.3996, lr_0 = 2.9258e-04
Loss = 3.7791e-01, PNorm = 35.1120, GNorm = 2.4205, lr_0 = 3.1165e-04
Loss = 3.8087e-01, PNorm = 35.1227, GNorm = 4.1790, lr_0 = 3.3072e-04
Loss = 3.6032e-01, PNorm = 35.1333, GNorm = 3.6919, lr_0 = 3.4979e-04
Loss = 3.0414e-01, PNorm = 35.1435, GNorm = 3.1930, lr_0 = 3.6886e-04
Loss = 2.8151e-01, PNorm = 35.1561, GNorm = 2.9241, lr_0 = 3.8792e-04
Loss = 2.8698e-01, PNorm = 35.1720, GNorm = 2.1041, lr_0 = 4.0699e-04
Loss = 3.4217e-01, PNorm = 35.1919, GNorm = 0.9666, lr_0 = 4.2606e-04
Loss = 2.8705e-01, PNorm = 35.2104, GNorm = 2.1786, lr_0 = 4.4513e-04
Loss = 2.9752e-01, PNorm = 35.2289, GNorm = 5.0071, lr_0 = 4.6419e-04
Loss = 2.9279e-01, PNorm = 35.2451, GNorm = 3.1060, lr_0 = 4.8326e-04
Loss = 2.7908e-01, PNorm = 35.2648, GNorm = 1.2916, lr_0 = 5.0233e-04
Loss = 2.8871e-01, PNorm = 35.2826, GNorm = 9.1194, lr_0 = 5.2140e-04
Loss = 3.1945e-01, PNorm = 35.3010, GNorm = 0.8484, lr_0 = 5.4047e-04
Validation rmse = 70.403187
Epoch 1
Loss = 3.1876e-01, PNorm = 35.3266, GNorm = 1.0619, lr_0 = 5.6144e-04
Loss = 3.1885e-01, PNorm = 35.3523, GNorm = 4.5082, lr_0 = 5.8051e-04
Loss = 2.5853e-01, PNorm = 35.3832, GNorm = 1.1933, lr_0 = 5.9958e-04
Loss = 2.3478e-01, PNorm = 35.4108, GNorm = 5.5903, lr_0 = 6.1864e-04
Loss = 2.2344e-01, PNorm = 35.4331, GNorm = 1.2419, lr_0 = 6.3771e-04
Loss = 2.3093e-01, PNorm = 35.4551, GNorm = 4.3187, lr_0 = 6.5678e-04
Loss = 2.6921e-01, PNorm = 35.4794, GNorm = 3.2246, lr_0 = 6.7585e-04
Loss = 4.0317e-01, PNorm = 35.5147, GNorm = 5.1093, lr_0 = 6.9492e-04
Loss = 2.7165e-01, PNorm = 35.5551, GNorm = 6.5640, lr_0 = 7.1398e-04
Loss = 2.1357e-01, PNorm = 35.6000, GNorm = 1.4969, lr_0 = 7.3305e-04
Loss = 2.2366e-01, PNorm = 35.6338, GNorm = 1.2893, lr_0 = 7.5212e-04
Loss = 2.2859e-01, PNorm = 35.6585, GNorm = 3.2069, lr_0 = 7.7119e-04
Loss = 2.2842e-01, PNorm = 35.6828, GNorm = 0.9654, lr_0 = 7.9025e-04
Loss = 2.0200e-01, PNorm = 35.7063, GNorm = 0.9672, lr_0 = 8.0932e-04
Loss = 1.8667e-01, PNorm = 35.7363, GNorm = 1.1810, lr_0 = 8.2839e-04
Loss = 2.0053e-01, PNorm = 35.7586, GNorm = 2.6597, lr_0 = 8.4746e-04
Loss = 2.2657e-01, PNorm = 35.7827, GNorm = 1.0597, lr_0 = 8.6653e-04
Loss = 2.3608e-01, PNorm = 35.8156, GNorm = 3.2210, lr_0 = 8.8559e-04
Loss = 2.3004e-01, PNorm = 35.8486, GNorm = 3.5147, lr_0 = 9.0466e-04
Loss = 2.3312e-01, PNorm = 35.8798, GNorm = 5.6812, lr_0 = 9.2373e-04
Loss = 2.4519e-01, PNorm = 35.9111, GNorm = 1.1449, lr_0 = 9.4280e-04
Loss = 2.1378e-01, PNorm = 35.9519, GNorm = 1.8139, lr_0 = 9.6186e-04
Loss = 2.4523e-01, PNorm = 35.9808, GNorm = 8.5350, lr_0 = 9.8093e-04
Loss = 2.3810e-01, PNorm = 36.0261, GNorm = 4.6293, lr_0 = 1.0000e-03
Validation rmse = 57.474978
Epoch 2
Loss = 2.1036e-01, PNorm = 36.0802, GNorm = 0.9018, lr_0 = 9.9617e-04
Loss = 1.8779e-01, PNorm = 36.1132, GNorm = 2.7325, lr_0 = 9.9271e-04
Loss = 1.7635e-01, PNorm = 36.1494, GNorm = 1.1551, lr_0 = 9.8926e-04
Loss = 1.8853e-01, PNorm = 36.1949, GNorm = 1.6215, lr_0 = 9.8581e-04
Loss = 2.4710e-01, PNorm = 36.2339, GNorm = 5.4550, lr_0 = 9.8239e-04
Loss = 1.6148e-01, PNorm = 36.2707, GNorm = 1.7293, lr_0 = 9.7897e-04
Loss = 1.6049e-01, PNorm = 36.3077, GNorm = 1.1797, lr_0 = 9.7556e-04
Loss = 2.0520e-01, PNorm = 36.3433, GNorm = 1.8278, lr_0 = 9.7217e-04
Loss = 1.7133e-01, PNorm = 36.3734, GNorm = 2.4874, lr_0 = 9.6879e-04
Loss = 1.7215e-01, PNorm = 36.4153, GNorm = 1.1836, lr_0 = 9.6542e-04
Loss = 1.6502e-01, PNorm = 36.4424, GNorm = 1.6480, lr_0 = 9.6206e-04
Loss = 1.7593e-01, PNorm = 36.4806, GNorm = 5.0605, lr_0 = 9.5871e-04
Loss = 1.8865e-01, PNorm = 36.5271, GNorm = 5.2918, lr_0 = 9.5538e-04
Loss = 2.0012e-01, PNorm = 36.5610, GNorm = 3.3492, lr_0 = 9.5206e-04
Loss = 2.1118e-01, PNorm = 36.5960, GNorm = 0.9253, lr_0 = 9.4874e-04
Loss = 1.6071e-01, PNorm = 36.6399, GNorm = 1.8207, lr_0 = 9.4544e-04
Loss = 1.8175e-01, PNorm = 36.6761, GNorm = 1.6048, lr_0 = 9.4215e-04
Loss = 1.7305e-01, PNorm = 36.7118, GNorm = 1.6425, lr_0 = 9.3888e-04
Loss = 1.4505e-01, PNorm = 36.7557, GNorm = 0.7395, lr_0 = 9.3561e-04
Loss = 2.1075e-01, PNorm = 36.7874, GNorm = 4.0290, lr_0 = 9.3236e-04
Loss = 1.6948e-01, PNorm = 36.8213, GNorm = 0.7085, lr_0 = 9.2911e-04
Loss = 2.2810e-01, PNorm = 36.8672, GNorm = 5.1813, lr_0 = 9.2588e-04
Loss = 1.8785e-01, PNorm = 36.9083, GNorm = 1.9586, lr_0 = 9.2266e-04
Validation rmse = 46.159870
Epoch 3
Loss = 1.1614e-01, PNorm = 36.9614, GNorm = 2.6199, lr_0 = 9.1913e-04
Loss = 1.9271e-01, PNorm = 36.9923, GNorm = 2.9943, lr_0 = 9.1593e-04
Loss = 1.4491e-01, PNorm = 37.0278, GNorm = 1.1975, lr_0 = 9.1275e-04
Loss = 1.3307e-01, PNorm = 37.0618, GNorm = 3.7386, lr_0 = 9.0957e-04
Loss = 1.9399e-01, PNorm = 37.1071, GNorm = 5.6177, lr_0 = 9.0641e-04
Loss = 1.3303e-01, PNorm = 37.1476, GNorm = 2.1229, lr_0 = 9.0326e-04
Loss = 1.4654e-01, PNorm = 37.1752, GNorm = 2.4514, lr_0 = 9.0011e-04
Loss = 1.2941e-01, PNorm = 37.2066, GNorm = 2.0300, lr_0 = 8.9698e-04
Loss = 1.2619e-01, PNorm = 37.2297, GNorm = 1.0341, lr_0 = 8.9386e-04
Loss = 1.5574e-01, PNorm = 37.2592, GNorm = 2.0311, lr_0 = 8.9075e-04
Loss = 1.4740e-01, PNorm = 37.2885, GNorm = 1.3180, lr_0 = 8.8766e-04
Loss = 1.2268e-01, PNorm = 37.3123, GNorm = 2.3698, lr_0 = 8.8457e-04
Loss = 1.3306e-01, PNorm = 37.3359, GNorm = 3.3533, lr_0 = 8.8149e-04
Loss = 1.3485e-01, PNorm = 37.3751, GNorm = 2.3652, lr_0 = 8.7842e-04
Loss = 1.4993e-01, PNorm = 37.4041, GNorm = 2.3516, lr_0 = 8.7537e-04
Loss = 1.6529e-01, PNorm = 37.4454, GNorm = 5.6999, lr_0 = 8.7232e-04
Loss = 1.1570e-01, PNorm = 37.4888, GNorm = 1.0908, lr_0 = 8.6929e-04
Loss = 1.7936e-01, PNorm = 37.5178, GNorm = 1.2689, lr_0 = 8.6627e-04
Loss = 1.5281e-01, PNorm = 37.5644, GNorm = 0.7182, lr_0 = 8.6325e-04
Loss = 1.5222e-01, PNorm = 37.6035, GNorm = 0.8969, lr_0 = 8.6025e-04
Loss = 1.4878e-01, PNorm = 37.6360, GNorm = 0.9583, lr_0 = 8.5726e-04
Loss = 1.3085e-01, PNorm = 37.6675, GNorm = 1.5176, lr_0 = 8.5428e-04
Loss = 1.3107e-01, PNorm = 37.6899, GNorm = 0.9523, lr_0 = 8.5130e-04
Loss = 1.1981e-01, PNorm = 37.7231, GNorm = 0.7152, lr_0 = 8.4834e-04
Validation rmse = 44.006314
Epoch 4
Loss = 1.5748e-01, PNorm = 37.7671, GNorm = 1.3410, lr_0 = 8.4510e-04
Loss = 8.9767e-02, PNorm = 37.8042, GNorm = 1.6467, lr_0 = 8.4216e-04
Loss = 1.0240e-01, PNorm = 37.8285, GNorm = 2.6809, lr_0 = 8.3923e-04
Loss = 1.3091e-01, PNorm = 37.8544, GNorm = 4.2766, lr_0 = 8.3631e-04
Loss = 1.3912e-01, PNorm = 37.9007, GNorm = 4.1257, lr_0 = 8.3340e-04
Loss = 1.4376e-01, PNorm = 37.9379, GNorm = 0.7737, lr_0 = 8.3050e-04
Loss = 1.1099e-01, PNorm = 37.9719, GNorm = 3.0796, lr_0 = 8.2761e-04
Loss = 1.1018e-01, PNorm = 38.0117, GNorm = 1.6896, lr_0 = 8.2473e-04
Loss = 1.3293e-01, PNorm = 38.0432, GNorm = 2.0770, lr_0 = 8.2186e-04
Loss = 1.0731e-01, PNorm = 38.0741, GNorm = 0.9821, lr_0 = 8.1901e-04
Loss = 9.6868e-02, PNorm = 38.1010, GNorm = 0.8543, lr_0 = 8.1616e-04
Loss = 1.1036e-01, PNorm = 38.1254, GNorm = 1.0913, lr_0 = 8.1332e-04
Loss = 1.3562e-01, PNorm = 38.1486, GNorm = 2.7954, lr_0 = 8.1049e-04
Loss = 9.7468e-02, PNorm = 38.1730, GNorm = 1.8421, lr_0 = 8.0767e-04
Loss = 1.1210e-01, PNorm = 38.1975, GNorm = 2.3619, lr_0 = 8.0486e-04
Loss = 1.0512e-01, PNorm = 38.2240, GNorm = 0.9800, lr_0 = 8.0206e-04
Loss = 1.2262e-01, PNorm = 38.2571, GNorm = 0.7879, lr_0 = 7.9927e-04
Loss = 1.1413e-01, PNorm = 38.2864, GNorm = 1.1277, lr_0 = 7.9649e-04
Loss = 1.0689e-01, PNorm = 38.3122, GNorm = 1.7624, lr_0 = 7.9372e-04
Loss = 8.8240e-02, PNorm = 38.3358, GNorm = 0.6300, lr_0 = 7.9096e-04
Loss = 1.2824e-01, PNorm = 38.3637, GNorm = 2.2459, lr_0 = 7.8821e-04
Loss = 1.0537e-01, PNorm = 38.4002, GNorm = 1.1072, lr_0 = 7.8547e-04
Loss = 1.0339e-01, PNorm = 38.4259, GNorm = 0.6745, lr_0 = 7.8273e-04
Loss = 1.0982e-01, PNorm = 38.4475, GNorm = 0.5437, lr_0 = 7.8001e-04
Validation rmse = 39.013623
Epoch 5
Loss = 1.0340e-01, PNorm = 38.4793, GNorm = 0.8341, lr_0 = 7.7730e-04
Loss = 9.2496e-02, PNorm = 38.5023, GNorm = 0.6151, lr_0 = 7.7459e-04
Loss = 7.7123e-02, PNorm = 38.5222, GNorm = 0.9400, lr_0 = 7.7190e-04
Loss = 1.0206e-01, PNorm = 38.5450, GNorm = 0.8309, lr_0 = 7.6921e-04
Loss = 1.1096e-01, PNorm = 38.5783, GNorm = 1.7998, lr_0 = 7.6654e-04
Loss = 8.6202e-02, PNorm = 38.6140, GNorm = 0.8508, lr_0 = 7.6387e-04
Loss = 6.5201e-02, PNorm = 38.6436, GNorm = 1.2017, lr_0 = 7.6121e-04
Loss = 1.0572e-01, PNorm = 38.6683, GNorm = 0.7728, lr_0 = 7.5857e-04
Loss = 1.1042e-01, PNorm = 38.7011, GNorm = 0.7713, lr_0 = 7.5593e-04
Loss = 9.3032e-02, PNorm = 38.7251, GNorm = 1.3503, lr_0 = 7.5330e-04
Loss = 8.0351e-02, PNorm = 38.7546, GNorm = 0.6751, lr_0 = 7.5068e-04
Loss = 9.2591e-02, PNorm = 38.7793, GNorm = 0.6719, lr_0 = 7.4807e-04
Loss = 1.1907e-01, PNorm = 38.8005, GNorm = 0.5950, lr_0 = 7.4547e-04
Loss = 1.0386e-01, PNorm = 38.8271, GNorm = 1.8404, lr_0 = 7.4287e-04
Loss = 8.6784e-02, PNorm = 38.8585, GNorm = 0.6190, lr_0 = 7.4029e-04
Loss = 1.0044e-01, PNorm = 38.8827, GNorm = 2.0815, lr_0 = 7.3771e-04
Loss = 8.2355e-02, PNorm = 38.9015, GNorm = 0.8183, lr_0 = 7.3515e-04
Loss = 9.3669e-02, PNorm = 38.9296, GNorm = 0.6580, lr_0 = 7.3259e-04
Loss = 9.7114e-02, PNorm = 38.9518, GNorm = 2.3267, lr_0 = 7.3004e-04
Loss = 1.0426e-01, PNorm = 38.9824, GNorm = 1.1036, lr_0 = 7.2750e-04
Loss = 1.0886e-01, PNorm = 39.0039, GNorm = 0.7803, lr_0 = 7.2497e-04
Loss = 8.0430e-02, PNorm = 39.0300, GNorm = 1.2752, lr_0 = 7.2245e-04
Loss = 9.2854e-02, PNorm = 39.0515, GNorm = 0.7001, lr_0 = 7.1994e-04
Validation rmse = 48.114030
Epoch 6
Loss = 1.6282e-01, PNorm = 39.0806, GNorm = 1.0267, lr_0 = 7.1718e-04
Loss = 9.2554e-02, PNorm = 39.1161, GNorm = 2.3302, lr_0 = 7.1469e-04
Loss = 1.0774e-01, PNorm = 39.1482, GNorm = 2.2860, lr_0 = 7.1220e-04
Loss = 8.6996e-02, PNorm = 39.1826, GNorm = 0.6193, lr_0 = 7.0972e-04
Loss = 7.0752e-02, PNorm = 39.2027, GNorm = 0.6698, lr_0 = 7.0726e-04
Loss = 9.3253e-02, PNorm = 39.2266, GNorm = 0.8191, lr_0 = 7.0480e-04
Loss = 8.9999e-02, PNorm = 39.2568, GNorm = 0.4214, lr_0 = 7.0234e-04
Loss = 9.1758e-02, PNorm = 39.2790, GNorm = 1.2438, lr_0 = 6.9990e-04
Loss = 6.6873e-02, PNorm = 39.2982, GNorm = 0.5966, lr_0 = 6.9747e-04
Loss = 9.0419e-02, PNorm = 39.3196, GNorm = 1.5424, lr_0 = 6.9504e-04
Loss = 9.7709e-02, PNorm = 39.3430, GNorm = 1.0297, lr_0 = 6.9262e-04
Loss = 1.0362e-01, PNorm = 39.3592, GNorm = 2.3791, lr_0 = 6.9021e-04
Loss = 7.9896e-02, PNorm = 39.3806, GNorm = 1.1927, lr_0 = 6.8781e-04
Loss = 1.0096e-01, PNorm = 39.4013, GNorm = 1.5287, lr_0 = 6.8542e-04
Loss = 8.7470e-02, PNorm = 39.4258, GNorm = 1.4465, lr_0 = 6.8304e-04
Loss = 8.4151e-02, PNorm = 39.4546, GNorm = 0.9153, lr_0 = 6.8066e-04
Loss = 8.8491e-02, PNorm = 39.4803, GNorm = 1.8068, lr_0 = 6.7829e-04
Loss = 7.9042e-02, PNorm = 39.5038, GNorm = 0.7957, lr_0 = 6.7593e-04
Loss = 9.5593e-02, PNorm = 39.5292, GNorm = 0.5812, lr_0 = 6.7358e-04
Loss = 8.7866e-02, PNorm = 39.5530, GNorm = 1.5257, lr_0 = 6.7124e-04
Loss = 8.2113e-02, PNorm = 39.5895, GNorm = 1.3012, lr_0 = 6.6890e-04
Loss = 9.0365e-02, PNorm = 39.6134, GNorm = 2.0184, lr_0 = 6.6658e-04
Loss = 8.8243e-02, PNorm = 39.6312, GNorm = 1.2951, lr_0 = 6.6426e-04
Loss = 8.0897e-02, PNorm = 39.6508, GNorm = 1.8617, lr_0 = 6.6195e-04
Validation rmse = 36.540630
Epoch 7
Loss = 7.7332e-02, PNorm = 39.6750, GNorm = 0.9915, lr_0 = 6.5941e-04
Loss = 8.8420e-02, PNorm = 39.6963, GNorm = 2.0874, lr_0 = 6.5712e-04
Loss = 8.6323e-02, PNorm = 39.7222, GNorm = 1.3728, lr_0 = 6.5484e-04
Loss = 8.1471e-02, PNorm = 39.7495, GNorm = 0.8524, lr_0 = 6.5256e-04
Loss = 7.7921e-02, PNorm = 39.7546, GNorm = 1.2754, lr_0 = 6.5029e-04
Loss = 7.6837e-02, PNorm = 39.7804, GNorm = 0.5869, lr_0 = 6.4803e-04
Loss = 7.9286e-02, PNorm = 39.8026, GNorm = 0.8051, lr_0 = 6.4577e-04
Loss = 8.4909e-02, PNorm = 39.8148, GNorm = 0.7906, lr_0 = 6.4352e-04
Loss = 7.4951e-02, PNorm = 39.8317, GNorm = 1.7417, lr_0 = 6.4129e-04
Loss = 8.1711e-02, PNorm = 39.8498, GNorm = 1.6832, lr_0 = 6.3906e-04
Loss = 8.5145e-02, PNorm = 39.8664, GNorm = 0.9939, lr_0 = 6.3683e-04
Loss = 7.0532e-02, PNorm = 39.8825, GNorm = 0.5317, lr_0 = 6.3462e-04
Loss = 7.2075e-02, PNorm = 39.9013, GNorm = 1.3285, lr_0 = 6.3241e-04
Loss = 6.3523e-02, PNorm = 39.9226, GNorm = 1.8817, lr_0 = 6.3021e-04
Loss = 7.2172e-02, PNorm = 39.9403, GNorm = 0.8915, lr_0 = 6.2802e-04
Loss = 6.3178e-02, PNorm = 39.9593, GNorm = 1.1108, lr_0 = 6.2583e-04
Loss = 6.8094e-02, PNorm = 39.9705, GNorm = 0.8573, lr_0 = 6.2366e-04
Loss = 6.4928e-02, PNorm = 39.9923, GNorm = 0.9244, lr_0 = 6.2149e-04
Loss = 8.2612e-02, PNorm = 40.0147, GNorm = 0.6859, lr_0 = 6.1933e-04
Loss = 7.5665e-02, PNorm = 40.0379, GNorm = 0.9542, lr_0 = 6.1717e-04
Loss = 8.6691e-02, PNorm = 40.0534, GNorm = 0.8051, lr_0 = 6.1502e-04
Loss = 9.4374e-02, PNorm = 40.0652, GNorm = 1.4322, lr_0 = 6.1288e-04
Loss = 7.6409e-02, PNorm = 40.0848, GNorm = 1.0155, lr_0 = 6.1075e-04
Validation rmse = 31.637102
Epoch 8
Loss = 6.3574e-02, PNorm = 40.1122, GNorm = 0.5720, lr_0 = 6.0842e-04
Loss = 6.5665e-02, PNorm = 40.1304, GNorm = 1.2977, lr_0 = 6.0630e-04
Loss = 5.9523e-02, PNorm = 40.1430, GNorm = 0.6543, lr_0 = 6.0419e-04
Loss = 6.6746e-02, PNorm = 40.1639, GNorm = 0.9111, lr_0 = 6.0209e-04
Loss = 7.0011e-02, PNorm = 40.1810, GNorm = 1.5461, lr_0 = 6.0000e-04
Loss = 6.1610e-02, PNorm = 40.1947, GNorm = 1.0027, lr_0 = 5.9791e-04
Loss = 7.1786e-02, PNorm = 40.2121, GNorm = 0.5592, lr_0 = 5.9583e-04
Loss = 5.9651e-02, PNorm = 40.2248, GNorm = 0.6529, lr_0 = 5.9376e-04
Loss = 5.5700e-02, PNorm = 40.2455, GNorm = 0.6056, lr_0 = 5.9169e-04
Loss = 5.3400e-02, PNorm = 40.2662, GNorm = 0.4665, lr_0 = 5.8963e-04
Loss = 7.0493e-02, PNorm = 40.2825, GNorm = 1.4926, lr_0 = 5.8758e-04
Loss = 9.5532e-02, PNorm = 40.3018, GNorm = 1.9816, lr_0 = 5.8554e-04
Loss = 7.0520e-02, PNorm = 40.3220, GNorm = 0.8608, lr_0 = 5.8350e-04
Loss = 7.1152e-02, PNorm = 40.3425, GNorm = 0.8229, lr_0 = 5.8147e-04
Loss = 5.8335e-02, PNorm = 40.3628, GNorm = 2.3030, lr_0 = 5.7945e-04
Loss = 9.4531e-02, PNorm = 40.3851, GNorm = 1.0901, lr_0 = 5.7743e-04
Loss = 1.0265e-01, PNorm = 40.4103, GNorm = 2.2226, lr_0 = 5.7542e-04
Loss = 6.6170e-02, PNorm = 40.4252, GNorm = 1.1957, lr_0 = 5.7342e-04
Loss = 7.1615e-02, PNorm = 40.4410, GNorm = 1.1910, lr_0 = 5.7143e-04
Loss = 5.4048e-02, PNorm = 40.4560, GNorm = 1.5184, lr_0 = 5.6944e-04
Loss = 6.6731e-02, PNorm = 40.4708, GNorm = 0.5019, lr_0 = 5.6746e-04
Loss = 9.0474e-02, PNorm = 40.4888, GNorm = 1.1864, lr_0 = 5.6549e-04
Loss = 8.8346e-02, PNorm = 40.5064, GNorm = 1.7147, lr_0 = 5.6352e-04
Loss = 7.7022e-02, PNorm = 40.5252, GNorm = 1.5485, lr_0 = 5.6156e-04
Validation rmse = 32.512989
Epoch 9
Loss = 1.0831e-01, PNorm = 40.5442, GNorm = 0.5759, lr_0 = 5.5941e-04
Loss = 6.5827e-02, PNorm = 40.5698, GNorm = 1.4927, lr_0 = 5.5746e-04
Loss = 8.5005e-02, PNorm = 40.5894, GNorm = 1.2585, lr_0 = 5.5552e-04
Loss = 6.9139e-02, PNorm = 40.5995, GNorm = 1.1181, lr_0 = 5.5359e-04
Loss = 9.7986e-02, PNorm = 40.6166, GNorm = 1.8534, lr_0 = 5.5167e-04
Loss = 7.9281e-02, PNorm = 40.6394, GNorm = 1.4138, lr_0 = 5.4975e-04
Loss = 6.8582e-02, PNorm = 40.6515, GNorm = 2.2865, lr_0 = 5.4784e-04
Loss = 7.4221e-02, PNorm = 40.6696, GNorm = 0.5050, lr_0 = 5.4593e-04
Loss = 8.3730e-02, PNorm = 40.6905, GNorm = 2.2394, lr_0 = 5.4403e-04
Loss = 6.2588e-02, PNorm = 40.7098, GNorm = 0.6650, lr_0 = 5.4214e-04
Loss = 7.2449e-02, PNorm = 40.7277, GNorm = 0.8823, lr_0 = 5.4025e-04
Loss = 6.2322e-02, PNorm = 40.7396, GNorm = 0.7035, lr_0 = 5.3837e-04
Loss = 5.7643e-02, PNorm = 40.7499, GNorm = 0.5706, lr_0 = 5.3650e-04
Loss = 6.9381e-02, PNorm = 40.7616, GNorm = 1.9545, lr_0 = 5.3463e-04
Loss = 6.4143e-02, PNorm = 40.7777, GNorm = 0.3716, lr_0 = 5.3277e-04
Loss = 7.1316e-02, PNorm = 40.7936, GNorm = 1.1297, lr_0 = 5.3092e-04
Loss = 5.5874e-02, PNorm = 40.8079, GNorm = 0.9762, lr_0 = 5.2907e-04
Loss = 6.4943e-02, PNorm = 40.8202, GNorm = 1.6388, lr_0 = 5.2723e-04
Loss = 6.4996e-02, PNorm = 40.8358, GNorm = 0.6532, lr_0 = 5.2540e-04
Loss = 5.6727e-02, PNorm = 40.8502, GNorm = 0.9316, lr_0 = 5.2357e-04
Loss = 5.8778e-02, PNorm = 40.8699, GNorm = 1.0293, lr_0 = 5.2175e-04
Loss = 5.2423e-02, PNorm = 40.8866, GNorm = 1.2678, lr_0 = 5.1994e-04
Loss = 7.3278e-02, PNorm = 40.9064, GNorm = 1.4169, lr_0 = 5.1813e-04
Loss = 6.1647e-02, PNorm = 40.9254, GNorm = 1.2186, lr_0 = 5.1633e-04
Validation rmse = 30.391264
Epoch 10
Loss = 5.4463e-02, PNorm = 40.9419, GNorm = 1.8690, lr_0 = 5.1453e-04
Loss = 4.5670e-02, PNorm = 40.9567, GNorm = 0.5575, lr_0 = 5.1274e-04
Loss = 6.2724e-02, PNorm = 40.9689, GNorm = 1.7613, lr_0 = 5.1096e-04
Loss = 6.1852e-02, PNorm = 40.9774, GNorm = 0.4286, lr_0 = 5.0918e-04
Loss = 6.9057e-02, PNorm = 40.9910, GNorm = 0.9636, lr_0 = 5.0741e-04
Loss = 5.6363e-02, PNorm = 41.0067, GNorm = 0.7724, lr_0 = 5.0564e-04
Loss = 7.9387e-02, PNorm = 41.0282, GNorm = 2.9885, lr_0 = 5.0388e-04
Loss = 6.6948e-02, PNorm = 41.0440, GNorm = 1.5414, lr_0 = 5.0213e-04
Loss = 5.5699e-02, PNorm = 41.0582, GNorm = 1.0034, lr_0 = 5.0038e-04
Loss = 5.5363e-02, PNorm = 41.0734, GNorm = 0.3305, lr_0 = 4.9864e-04
Loss = 6.3532e-02, PNorm = 41.0891, GNorm = 1.6779, lr_0 = 4.9691e-04
Loss = 7.3738e-02, PNorm = 41.1037, GNorm = 1.9610, lr_0 = 4.9518e-04
Loss = 7.1402e-02, PNorm = 41.1125, GNorm = 0.9020, lr_0 = 4.9346e-04
Loss = 5.6629e-02, PNorm = 41.1244, GNorm = 0.3502, lr_0 = 4.9174e-04
Loss = 4.9305e-02, PNorm = 41.1328, GNorm = 0.6162, lr_0 = 4.9003e-04
Loss = 5.1728e-02, PNorm = 41.1430, GNorm = 0.5301, lr_0 = 4.8833e-04
Loss = 4.9726e-02, PNorm = 41.1565, GNorm = 0.5948, lr_0 = 4.8663e-04
Loss = 7.1704e-02, PNorm = 41.1740, GNorm = 1.1361, lr_0 = 4.8494e-04
Loss = 7.1189e-02, PNorm = 41.1878, GNorm = 0.7237, lr_0 = 4.8325e-04
Loss = 4.7414e-02, PNorm = 41.1968, GNorm = 0.8791, lr_0 = 4.8157e-04
Loss = 7.3773e-02, PNorm = 41.2068, GNorm = 0.7345, lr_0 = 4.7989e-04
Loss = 4.9321e-02, PNorm = 41.2185, GNorm = 0.4757, lr_0 = 4.7822e-04
Loss = 5.4244e-02, PNorm = 41.2263, GNorm = 0.4967, lr_0 = 4.7656e-04
Validation rmse = 29.368370
Epoch 11
Loss = 3.4906e-02, PNorm = 41.2383, GNorm = 0.5092, lr_0 = 4.7474e-04
Loss = 4.8412e-02, PNorm = 41.2519, GNorm = 0.9705, lr_0 = 4.7309e-04
Loss = 6.9416e-02, PNorm = 41.2665, GNorm = 1.1027, lr_0 = 4.7144e-04
Loss = 5.8852e-02, PNorm = 41.2768, GNorm = 0.7517, lr_0 = 4.6980e-04
Loss = 5.3101e-02, PNorm = 41.2888, GNorm = 1.3062, lr_0 = 4.6817e-04
Loss = 4.8003e-02, PNorm = 41.3032, GNorm = 1.3232, lr_0 = 4.6654e-04
Loss = 3.7693e-02, PNorm = 41.3099, GNorm = 0.3612, lr_0 = 4.6491e-04
Loss = 6.2618e-02, PNorm = 41.3235, GNorm = 1.9689, lr_0 = 4.6330e-04
Loss = 6.0883e-02, PNorm = 41.3378, GNorm = 1.1229, lr_0 = 4.6169e-04
Loss = 5.9241e-02, PNorm = 41.3541, GNorm = 0.5415, lr_0 = 4.6008e-04
Loss = 5.1060e-02, PNorm = 41.3636, GNorm = 0.7345, lr_0 = 4.5848e-04
Loss = 5.7244e-02, PNorm = 41.3755, GNorm = 0.6534, lr_0 = 4.5688e-04
Loss = 5.6008e-02, PNorm = 41.3900, GNorm = 1.2203, lr_0 = 4.5530e-04
Loss = 5.1329e-02, PNorm = 41.4026, GNorm = 1.4778, lr_0 = 4.5371e-04
Loss = 4.5444e-02, PNorm = 41.4092, GNorm = 0.4323, lr_0 = 4.5213e-04
Loss = 6.5560e-02, PNorm = 41.4197, GNorm = 0.4374, lr_0 = 4.5056e-04
Loss = 7.0402e-02, PNorm = 41.4315, GNorm = 1.0737, lr_0 = 4.4899e-04
Loss = 5.2655e-02, PNorm = 41.4425, GNorm = 0.7788, lr_0 = 4.4743e-04
Loss = 6.9771e-02, PNorm = 41.4498, GNorm = 1.0588, lr_0 = 4.4587e-04
Loss = 9.0218e-02, PNorm = 41.4673, GNorm = 0.8441, lr_0 = 4.4432e-04
Loss = 6.4112e-02, PNorm = 41.4862, GNorm = 0.5263, lr_0 = 4.4278e-04
Loss = 6.4638e-02, PNorm = 41.5008, GNorm = 2.5401, lr_0 = 4.4124e-04
Loss = 6.2417e-02, PNorm = 41.5180, GNorm = 0.4763, lr_0 = 4.3970e-04
Loss = 6.4342e-02, PNorm = 41.5313, GNorm = 0.5900, lr_0 = 4.3817e-04
Validation rmse = 30.144213
Epoch 12
Loss = 4.9663e-02, PNorm = 41.5440, GNorm = 0.9522, lr_0 = 4.3650e-04
Loss = 5.0445e-02, PNorm = 41.5520, GNorm = 1.6885, lr_0 = 4.3498e-04
Loss = 4.6548e-02, PNorm = 41.5558, GNorm = 0.4768, lr_0 = 4.3347e-04
Loss = 6.5557e-02, PNorm = 41.5717, GNorm = 0.5612, lr_0 = 4.3196e-04
Loss = 4.0663e-02, PNorm = 41.5882, GNorm = 1.5264, lr_0 = 4.3046e-04
Loss = 5.4815e-02, PNorm = 41.6019, GNorm = 0.5668, lr_0 = 4.2896e-04
Loss = 5.0965e-02, PNorm = 41.6181, GNorm = 0.5817, lr_0 = 4.2747e-04
Loss = 6.1474e-02, PNorm = 41.6344, GNorm = 1.6822, lr_0 = 4.2598e-04
Loss = 5.3959e-02, PNorm = 41.6462, GNorm = 0.9202, lr_0 = 4.2450e-04
Loss = 6.2468e-02, PNorm = 41.6515, GNorm = 2.5951, lr_0 = 4.2302e-04
Loss = 5.4977e-02, PNorm = 41.6598, GNorm = 0.5658, lr_0 = 4.2155e-04
Loss = 5.8805e-02, PNorm = 41.6699, GNorm = 0.7948, lr_0 = 4.2008e-04
Loss = 5.9827e-02, PNorm = 41.6807, GNorm = 1.2876, lr_0 = 4.1862e-04
Loss = 3.9760e-02, PNorm = 41.6921, GNorm = 0.8831, lr_0 = 4.1717e-04
Loss = 7.2848e-02, PNorm = 41.7081, GNorm = 1.3314, lr_0 = 4.1571e-04
Loss = 5.4343e-02, PNorm = 41.7212, GNorm = 0.6950, lr_0 = 4.1427e-04
Loss = 4.3501e-02, PNorm = 41.7375, GNorm = 0.4588, lr_0 = 4.1283e-04
Loss = 5.7577e-02, PNorm = 41.7493, GNorm = 0.5247, lr_0 = 4.1139e-04
Loss = 4.0528e-02, PNorm = 41.7592, GNorm = 0.6420, lr_0 = 4.0996e-04
Loss = 6.2989e-02, PNorm = 41.7675, GNorm = 0.6290, lr_0 = 4.0853e-04
Loss = 5.2878e-02, PNorm = 41.7729, GNorm = 0.7836, lr_0 = 4.0711e-04
Loss = 3.9295e-02, PNorm = 41.7785, GNorm = 0.5555, lr_0 = 4.0570e-04
Loss = 5.0098e-02, PNorm = 41.7875, GNorm = 0.4055, lr_0 = 4.0429e-04
Loss = 4.4843e-02, PNorm = 41.7958, GNorm = 0.3205, lr_0 = 4.0288e-04
Loss = 2.5236e-02, PNorm = 41.7965, GNorm = 0.9963, lr_0 = 4.0274e-04
Validation rmse = 28.883717
Epoch 13
Loss = 5.4009e-02, PNorm = 41.8037, GNorm = 0.5087, lr_0 = 4.0134e-04
Loss = 4.0441e-02, PNorm = 41.8131, GNorm = 0.3189, lr_0 = 3.9994e-04
Loss = 4.2957e-02, PNorm = 41.8239, GNorm = 0.8493, lr_0 = 3.9855e-04
Loss = 3.2324e-02, PNorm = 41.8361, GNorm = 0.5140, lr_0 = 3.9716e-04
Loss = 5.4669e-02, PNorm = 41.8430, GNorm = 0.4100, lr_0 = 3.9578e-04
Loss = 4.4779e-02, PNorm = 41.8444, GNorm = 0.4732, lr_0 = 3.9441e-04
Loss = 5.0235e-02, PNorm = 41.8505, GNorm = 1.7976, lr_0 = 3.9303e-04
Loss = 4.6224e-02, PNorm = 41.8644, GNorm = 0.7566, lr_0 = 3.9167e-04
Loss = 5.7689e-02, PNorm = 41.8797, GNorm = 0.7555, lr_0 = 3.9031e-04
Loss = 4.4149e-02, PNorm = 41.8905, GNorm = 0.8794, lr_0 = 3.8895e-04
Loss = 6.6892e-02, PNorm = 41.8988, GNorm = 0.8349, lr_0 = 3.8759e-04
Loss = 4.4864e-02, PNorm = 41.9056, GNorm = 0.9303, lr_0 = 3.8625e-04
Loss = 3.9755e-02, PNorm = 41.9094, GNorm = 0.7188, lr_0 = 3.8490e-04
Loss = 5.7912e-02, PNorm = 41.9179, GNorm = 0.4420, lr_0 = 3.8356e-04
Loss = 7.0364e-02, PNorm = 41.9291, GNorm = 2.2642, lr_0 = 3.8223e-04
Loss = 6.6090e-02, PNorm = 41.9410, GNorm = 0.7380, lr_0 = 3.8090e-04
Loss = 5.5346e-02, PNorm = 41.9500, GNorm = 1.0153, lr_0 = 3.7958e-04
Loss = 6.0769e-02, PNorm = 41.9578, GNorm = 2.1013, lr_0 = 3.7825e-04
Loss = 5.2647e-02, PNorm = 41.9662, GNorm = 0.8436, lr_0 = 3.7694e-04
Loss = 5.3286e-02, PNorm = 41.9784, GNorm = 0.4607, lr_0 = 3.7563e-04
Loss = 3.4517e-02, PNorm = 41.9898, GNorm = 0.5770, lr_0 = 3.7432e-04
Loss = 4.2114e-02, PNorm = 41.9979, GNorm = 0.5601, lr_0 = 3.7302e-04
Loss = 3.9198e-02, PNorm = 42.0060, GNorm = 0.7255, lr_0 = 3.7172e-04
Validation rmse = 28.944628
Epoch 14
Loss = 5.6618e-02, PNorm = 42.0209, GNorm = 2.1893, lr_0 = 3.7043e-04
Loss = 4.9642e-02, PNorm = 42.0307, GNorm = 0.6202, lr_0 = 3.6914e-04
Loss = 5.1721e-02, PNorm = 42.0367, GNorm = 1.0754, lr_0 = 3.6786e-04
Loss = 4.8676e-02, PNorm = 42.0447, GNorm = 1.8768, lr_0 = 3.6658e-04
Loss = 4.5853e-02, PNorm = 42.0538, GNorm = 0.3477, lr_0 = 3.6530e-04
Loss = 6.3334e-02, PNorm = 42.0645, GNorm = 1.8047, lr_0 = 3.6403e-04
Loss = 4.6474e-02, PNorm = 42.0742, GNorm = 0.4848, lr_0 = 3.6276e-04
Loss = 5.4838e-02, PNorm = 42.0841, GNorm = 1.0170, lr_0 = 3.6150e-04
Loss = 4.7260e-02, PNorm = 42.0945, GNorm = 0.7741, lr_0 = 3.6025e-04
Loss = 4.5087e-02, PNorm = 42.1015, GNorm = 0.7475, lr_0 = 3.5899e-04
Loss = 4.1178e-02, PNorm = 42.1108, GNorm = 0.8544, lr_0 = 3.5774e-04
Loss = 3.4891e-02, PNorm = 42.1178, GNorm = 0.6284, lr_0 = 3.5650e-04
Loss = 4.4122e-02, PNorm = 42.1259, GNorm = 0.8573, lr_0 = 3.5526e-04
Loss = 4.6220e-02, PNorm = 42.1347, GNorm = 0.9969, lr_0 = 3.5402e-04
Loss = 3.8448e-02, PNorm = 42.1397, GNorm = 0.7019, lr_0 = 3.5279e-04
Loss = 7.8687e-02, PNorm = 42.1491, GNorm = 1.1831, lr_0 = 3.5156e-04
Loss = 7.7701e-02, PNorm = 42.1646, GNorm = 2.0444, lr_0 = 3.5034e-04
Loss = 3.5212e-02, PNorm = 42.1744, GNorm = 0.7976, lr_0 = 3.4912e-04
Loss = 3.9735e-02, PNorm = 42.1841, GNorm = 0.3964, lr_0 = 3.4791e-04
Loss = 4.5933e-02, PNorm = 42.1941, GNorm = 1.1839, lr_0 = 3.4670e-04
Loss = 4.7015e-02, PNorm = 42.2023, GNorm = 0.3378, lr_0 = 3.4549e-04
Loss = 5.7217e-02, PNorm = 42.2113, GNorm = 1.0779, lr_0 = 3.4429e-04
Loss = 4.3890e-02, PNorm = 42.2202, GNorm = 0.7786, lr_0 = 3.4309e-04
Loss = 4.5414e-02, PNorm = 42.2255, GNorm = 0.8715, lr_0 = 3.4190e-04
Validation rmse = 28.063037
Epoch 15
Loss = 5.5233e-02, PNorm = 42.2335, GNorm = 0.5831, lr_0 = 3.4059e-04
Loss = 3.5112e-02, PNorm = 42.2411, GNorm = 0.4103, lr_0 = 3.3941e-04
Loss = 5.0041e-02, PNorm = 42.2478, GNorm = 0.8356, lr_0 = 3.3823e-04
Loss = 4.5797e-02, PNorm = 42.2546, GNorm = 0.6038, lr_0 = 3.3705e-04
Loss = 4.7505e-02, PNorm = 42.2646, GNorm = 0.6654, lr_0 = 3.3588e-04
Loss = 4.0644e-02, PNorm = 42.2755, GNorm = 0.6631, lr_0 = 3.3471e-04
Loss = 5.0830e-02, PNorm = 42.2869, GNorm = 3.0534, lr_0 = 3.3354e-04
Loss = 4.7075e-02, PNorm = 42.2939, GNorm = 0.6293, lr_0 = 3.3238e-04
Loss = 4.8810e-02, PNorm = 42.2991, GNorm = 0.4589, lr_0 = 3.3123e-04
Loss = 3.6355e-02, PNorm = 42.3087, GNorm = 0.6938, lr_0 = 3.3008e-04
Loss = 4.3564e-02, PNorm = 42.3178, GNorm = 1.5128, lr_0 = 3.2893e-04
Loss = 6.7086e-02, PNorm = 42.3262, GNorm = 2.2804, lr_0 = 3.2778e-04
Loss = 4.7444e-02, PNorm = 42.3366, GNorm = 1.2263, lr_0 = 3.2664e-04
Loss = 5.6036e-02, PNorm = 42.3452, GNorm = 0.8775, lr_0 = 3.2551e-04
Loss = 4.3709e-02, PNorm = 42.3511, GNorm = 1.5815, lr_0 = 3.2437e-04
Loss = 4.8057e-02, PNorm = 42.3552, GNorm = 0.7606, lr_0 = 3.2325e-04
Loss = 4.0179e-02, PNorm = 42.3635, GNorm = 0.3828, lr_0 = 3.2212e-04
Loss = 4.6004e-02, PNorm = 42.3713, GNorm = 0.6572, lr_0 = 3.2100e-04
Loss = 5.0887e-02, PNorm = 42.3788, GNorm = 0.8902, lr_0 = 3.1989e-04
Loss = 5.3527e-02, PNorm = 42.3855, GNorm = 1.1435, lr_0 = 3.1877e-04
Loss = 3.5119e-02, PNorm = 42.3934, GNorm = 0.3371, lr_0 = 3.1766e-04
Loss = 3.9603e-02, PNorm = 42.4008, GNorm = 0.3912, lr_0 = 3.1656e-04
Loss = 4.8768e-02, PNorm = 42.4068, GNorm = 0.9537, lr_0 = 3.1546e-04
Validation rmse = 27.845998
Epoch 16
Loss = 1.0463e-01, PNorm = 42.4152, GNorm = 0.5466, lr_0 = 3.1425e-04
Loss = 3.4097e-02, PNorm = 42.4241, GNorm = 0.4181, lr_0 = 3.1316e-04
Loss = 3.6397e-02, PNorm = 42.4314, GNorm = 0.6251, lr_0 = 3.1207e-04
Loss = 4.3590e-02, PNorm = 42.4397, GNorm = 0.6436, lr_0 = 3.1098e-04
Loss = 5.2404e-02, PNorm = 42.4471, GNorm = 0.8192, lr_0 = 3.0990e-04
Loss = 4.3057e-02, PNorm = 42.4556, GNorm = 1.1004, lr_0 = 3.0882e-04
Loss = 4.1234e-02, PNorm = 42.4624, GNorm = 1.1826, lr_0 = 3.0775e-04
Loss = 3.5778e-02, PNorm = 42.4656, GNorm = 0.9845, lr_0 = 3.0668e-04
Loss = 3.1272e-02, PNorm = 42.4695, GNorm = 0.4806, lr_0 = 3.0561e-04
Loss = 4.7645e-02, PNorm = 42.4745, GNorm = 0.7091, lr_0 = 3.0455e-04
Loss = 3.3402e-02, PNorm = 42.4815, GNorm = 0.7766, lr_0 = 3.0349e-04
Loss = 3.4982e-02, PNorm = 42.4899, GNorm = 1.1458, lr_0 = 3.0243e-04
Loss = 4.2121e-02, PNorm = 42.4958, GNorm = 1.1000, lr_0 = 3.0138e-04
Loss = 4.6229e-02, PNorm = 42.5039, GNorm = 0.5589, lr_0 = 3.0033e-04
Loss = 4.3655e-02, PNorm = 42.5128, GNorm = 0.6022, lr_0 = 2.9929e-04
Loss = 3.3591e-02, PNorm = 42.5194, GNorm = 0.3889, lr_0 = 2.9825e-04
Loss = 4.7714e-02, PNorm = 42.5234, GNorm = 0.4706, lr_0 = 2.9721e-04
Loss = 4.8874e-02, PNorm = 42.5321, GNorm = 0.4948, lr_0 = 2.9618e-04
Loss = 3.9744e-02, PNorm = 42.5399, GNorm = 0.6402, lr_0 = 2.9515e-04
Loss = 5.7415e-02, PNorm = 42.5477, GNorm = 0.7733, lr_0 = 2.9412e-04
Loss = 6.1718e-02, PNorm = 42.5518, GNorm = 0.7545, lr_0 = 2.9310e-04
Loss = 4.7425e-02, PNorm = 42.5563, GNorm = 0.6587, lr_0 = 2.9208e-04
Loss = 5.0586e-02, PNorm = 42.5618, GNorm = 1.3514, lr_0 = 2.9106e-04
Loss = 3.4445e-02, PNorm = 42.5665, GNorm = 0.7258, lr_0 = 2.9005e-04
Validation rmse = 27.693312
Epoch 17
Loss = 3.7907e-02, PNorm = 42.5713, GNorm = 0.6756, lr_0 = 2.8894e-04
Loss = 2.5972e-02, PNorm = 42.5773, GNorm = 0.3923, lr_0 = 2.8793e-04
Loss = 4.2370e-02, PNorm = 42.5855, GNorm = 1.5990, lr_0 = 2.8693e-04
Loss = 4.5243e-02, PNorm = 42.5948, GNorm = 1.2842, lr_0 = 2.8593e-04
Loss = 2.9003e-02, PNorm = 42.6007, GNorm = 0.3897, lr_0 = 2.8494e-04
Loss = 4.7281e-02, PNorm = 42.6060, GNorm = 1.4617, lr_0 = 2.8395e-04
Loss = 5.4722e-02, PNorm = 42.6108, GNorm = 0.4730, lr_0 = 2.8296e-04
Loss = 4.0804e-02, PNorm = 42.6166, GNorm = 1.0780, lr_0 = 2.8198e-04
Loss = 4.7282e-02, PNorm = 42.6209, GNorm = 0.9318, lr_0 = 2.8099e-04
Loss = 3.6309e-02, PNorm = 42.6258, GNorm = 0.9723, lr_0 = 2.8002e-04
Loss = 5.6246e-02, PNorm = 42.6321, GNorm = 0.6873, lr_0 = 2.7904e-04
Loss = 3.4963e-02, PNorm = 42.6361, GNorm = 1.1510, lr_0 = 2.7807e-04
Loss = 4.3599e-02, PNorm = 42.6401, GNorm = 0.9645, lr_0 = 2.7711e-04
Loss = 4.7410e-02, PNorm = 42.6453, GNorm = 0.6649, lr_0 = 2.7614e-04
Loss = 3.8916e-02, PNorm = 42.6524, GNorm = 1.4018, lr_0 = 2.7518e-04
Loss = 3.8455e-02, PNorm = 42.6578, GNorm = 1.6440, lr_0 = 2.7422e-04
Loss = 5.6136e-02, PNorm = 42.6639, GNorm = 1.7579, lr_0 = 2.7327e-04
Loss = 3.8666e-02, PNorm = 42.6712, GNorm = 0.4775, lr_0 = 2.7232e-04
Loss = 4.8589e-02, PNorm = 42.6773, GNorm = 0.4658, lr_0 = 2.7137e-04
Loss = 5.6992e-02, PNorm = 42.6811, GNorm = 0.5881, lr_0 = 2.7043e-04
Loss = 3.9012e-02, PNorm = 42.6878, GNorm = 1.0279, lr_0 = 2.6949e-04
Loss = 4.2049e-02, PNorm = 42.6940, GNorm = 1.7958, lr_0 = 2.6855e-04
Loss = 4.7256e-02, PNorm = 42.7014, GNorm = 0.5759, lr_0 = 2.6762e-04
Loss = 3.8217e-02, PNorm = 42.7088, GNorm = 0.4838, lr_0 = 2.6669e-04
Validation rmse = 26.625512
Epoch 18
Loss = 3.2453e-02, PNorm = 42.7158, GNorm = 0.5141, lr_0 = 2.6566e-04
Loss = 4.8185e-02, PNorm = 42.7216, GNorm = 0.6924, lr_0 = 2.6474e-04
Loss = 4.9463e-02, PNorm = 42.7279, GNorm = 1.0373, lr_0 = 2.6382e-04
Loss = 4.7883e-02, PNorm = 42.7352, GNorm = 0.7432, lr_0 = 2.6290e-04
Loss = 4.7216e-02, PNorm = 42.7426, GNorm = 1.0637, lr_0 = 2.6199e-04
Loss = 3.6663e-02, PNorm = 42.7519, GNorm = 0.4729, lr_0 = 2.6108e-04
Loss = 3.7718e-02, PNorm = 42.7581, GNorm = 0.6517, lr_0 = 2.6017e-04
Loss = 2.5898e-02, PNorm = 42.7618, GNorm = 0.3850, lr_0 = 2.5926e-04
Loss = 5.0336e-02, PNorm = 42.7662, GNorm = 1.3513, lr_0 = 2.5836e-04
Loss = 3.7446e-02, PNorm = 42.7696, GNorm = 0.4009, lr_0 = 2.5746e-04
Loss = 4.2393e-02, PNorm = 42.7738, GNorm = 0.5541, lr_0 = 2.5657e-04
Loss = 3.9753e-02, PNorm = 42.7783, GNorm = 0.7120, lr_0 = 2.5567e-04
Loss = 3.2690e-02, PNorm = 42.7831, GNorm = 0.3442, lr_0 = 2.5479e-04
Loss = 2.6323e-02, PNorm = 42.7880, GNorm = 0.4640, lr_0 = 2.5390e-04
Loss = 3.3302e-02, PNorm = 42.7946, GNorm = 1.4862, lr_0 = 2.5302e-04
Loss = 2.7686e-02, PNorm = 42.8014, GNorm = 0.4347, lr_0 = 2.5214e-04
Loss = 4.7900e-02, PNorm = 42.8062, GNorm = 0.6513, lr_0 = 2.5126e-04
Loss = 4.2994e-02, PNorm = 42.8118, GNorm = 0.8437, lr_0 = 2.5038e-04
Loss = 4.9509e-02, PNorm = 42.8165, GNorm = 1.1634, lr_0 = 2.4951e-04
Loss = 5.3864e-02, PNorm = 42.8215, GNorm = 0.8202, lr_0 = 2.4865e-04
Loss = 3.7105e-02, PNorm = 42.8249, GNorm = 0.5938, lr_0 = 2.4778e-04
Loss = 2.9462e-02, PNorm = 42.8259, GNorm = 0.4547, lr_0 = 2.4692e-04
Loss = 3.8335e-02, PNorm = 42.8307, GNorm = 1.3748, lr_0 = 2.4606e-04
Validation rmse = 26.819251
Epoch 19
Loss = 7.7717e-02, PNorm = 42.8361, GNorm = 0.7017, lr_0 = 2.4520e-04
Loss = 3.7190e-02, PNorm = 42.8422, GNorm = 0.7439, lr_0 = 2.4435e-04
Loss = 4.2113e-02, PNorm = 42.8491, GNorm = 1.0338, lr_0 = 2.4350e-04
Loss = 3.3368e-02, PNorm = 42.8547, GNorm = 0.8119, lr_0 = 2.4265e-04
Loss = 3.6818e-02, PNorm = 42.8616, GNorm = 0.2986, lr_0 = 2.4181e-04
Loss = 5.0715e-02, PNorm = 42.8676, GNorm = 0.9548, lr_0 = 2.4097e-04
Loss = 3.9813e-02, PNorm = 42.8723, GNorm = 0.7053, lr_0 = 2.4013e-04
Loss = 4.6832e-02, PNorm = 42.8782, GNorm = 0.5210, lr_0 = 2.3930e-04
Loss = 4.6210e-02, PNorm = 42.8813, GNorm = 1.2931, lr_0 = 2.3846e-04
Loss = 4.1128e-02, PNorm = 42.8863, GNorm = 0.9702, lr_0 = 2.3763e-04
Loss = 2.8668e-02, PNorm = 42.8918, GNorm = 0.6168, lr_0 = 2.3681e-04
Loss = 4.6590e-02, PNorm = 42.8970, GNorm = 1.8101, lr_0 = 2.3598e-04
Loss = 5.6853e-02, PNorm = 42.9043, GNorm = 0.7516, lr_0 = 2.3516e-04
Loss = 3.6481e-02, PNorm = 42.9095, GNorm = 0.5311, lr_0 = 2.3434e-04
Loss = 4.4131e-02, PNorm = 42.9148, GNorm = 0.6020, lr_0 = 2.3353e-04
Loss = 3.4207e-02, PNorm = 42.9195, GNorm = 1.1170, lr_0 = 2.3272e-04
Loss = 4.1516e-02, PNorm = 42.9270, GNorm = 0.6303, lr_0 = 2.3191e-04
Loss = 3.1372e-02, PNorm = 42.9325, GNorm = 0.4000, lr_0 = 2.3110e-04
Loss = 3.4345e-02, PNorm = 42.9375, GNorm = 0.4608, lr_0 = 2.3030e-04
Loss = 5.3845e-02, PNorm = 42.9418, GNorm = 0.9815, lr_0 = 2.2950e-04
Loss = 3.3942e-02, PNorm = 42.9462, GNorm = 0.5495, lr_0 = 2.2870e-04
Loss = 2.9918e-02, PNorm = 42.9516, GNorm = 0.7843, lr_0 = 2.2790e-04
Loss = 4.0947e-02, PNorm = 42.9549, GNorm = 0.5045, lr_0 = 2.2711e-04
Loss = 4.3772e-02, PNorm = 42.9576, GNorm = 1.3236, lr_0 = 2.2632e-04
Validation rmse = 26.617566
Epoch 20
Loss = 4.9206e-02, PNorm = 42.9617, GNorm = 0.5111, lr_0 = 2.2545e-04
Loss = 2.5956e-02, PNorm = 42.9662, GNorm = 0.4383, lr_0 = 2.2467e-04
Loss = 3.0530e-02, PNorm = 42.9699, GNorm = 0.7359, lr_0 = 2.2389e-04
Loss = 4.5168e-02, PNorm = 42.9755, GNorm = 1.1613, lr_0 = 2.2311e-04
Loss = 2.7368e-02, PNorm = 42.9800, GNorm = 0.3277, lr_0 = 2.2233e-04
Loss = 3.7867e-02, PNorm = 42.9859, GNorm = 0.5199, lr_0 = 2.2156e-04
Loss = 3.7703e-02, PNorm = 42.9921, GNorm = 0.3664, lr_0 = 2.2079e-04
Loss = 4.4988e-02, PNorm = 42.9933, GNorm = 0.7063, lr_0 = 2.2002e-04
Loss = 3.7549e-02, PNorm = 42.9955, GNorm = 0.5079, lr_0 = 2.1926e-04
Loss = 5.2099e-02, PNorm = 42.9980, GNorm = 0.7960, lr_0 = 2.1849e-04
Loss = 4.2263e-02, PNorm = 43.0024, GNorm = 0.5910, lr_0 = 2.1773e-04
Loss = 3.6277e-02, PNorm = 43.0106, GNorm = 1.0429, lr_0 = 2.1698e-04
Loss = 4.6780e-02, PNorm = 43.0168, GNorm = 0.9967, lr_0 = 2.1622e-04
Loss = 3.8894e-02, PNorm = 43.0210, GNorm = 0.4821, lr_0 = 2.1547e-04
Loss = 3.4142e-02, PNorm = 43.0262, GNorm = 0.7194, lr_0 = 2.1472e-04
Loss = 2.8361e-02, PNorm = 43.0308, GNorm = 0.5847, lr_0 = 2.1397e-04
Loss = 3.6548e-02, PNorm = 43.0327, GNorm = 0.5455, lr_0 = 2.1323e-04
Loss = 2.7648e-02, PNorm = 43.0365, GNorm = 0.4528, lr_0 = 2.1249e-04
Loss = 4.4229e-02, PNorm = 43.0411, GNorm = 0.6692, lr_0 = 2.1175e-04
Loss = 4.1362e-02, PNorm = 43.0455, GNorm = 0.6535, lr_0 = 2.1101e-04
Loss = 3.6248e-02, PNorm = 43.0505, GNorm = 0.3881, lr_0 = 2.1028e-04
Loss = 3.6959e-02, PNorm = 43.0535, GNorm = 0.8571, lr_0 = 2.0954e-04
Loss = 3.4413e-02, PNorm = 43.0575, GNorm = 0.7276, lr_0 = 2.0882e-04
Loss = 3.9034e-02, PNorm = 43.0615, GNorm = 1.0836, lr_0 = 2.0809e-04
Loss = 1.1124e-02, PNorm = 43.0617, GNorm = 0.7234, lr_0 = 2.0802e-04
Validation rmse = 26.351834
Epoch 21
Loss = 3.2491e-02, PNorm = 43.0650, GNorm = 0.9694, lr_0 = 2.0729e-04
Loss = 4.4612e-02, PNorm = 43.0689, GNorm = 1.3774, lr_0 = 2.0657e-04
Loss = 3.8239e-02, PNorm = 43.0750, GNorm = 0.3615, lr_0 = 2.0585e-04
Loss = 4.7265e-02, PNorm = 43.0799, GNorm = 0.6823, lr_0 = 2.0514e-04
Loss = 3.3786e-02, PNorm = 43.0830, GNorm = 0.5979, lr_0 = 2.0442e-04
Loss = 3.8680e-02, PNorm = 43.0858, GNorm = 0.5458, lr_0 = 2.0371e-04
Loss = 2.2862e-02, PNorm = 43.0873, GNorm = 0.4007, lr_0 = 2.0300e-04
Loss = 3.1050e-02, PNorm = 43.0913, GNorm = 0.4305, lr_0 = 2.0230e-04
Loss = 3.8383e-02, PNorm = 43.0970, GNorm = 0.5820, lr_0 = 2.0159e-04
Loss = 3.6272e-02, PNorm = 43.1002, GNorm = 0.3898, lr_0 = 2.0089e-04
Loss = 3.2968e-02, PNorm = 43.1046, GNorm = 0.5202, lr_0 = 2.0019e-04
Loss = 4.7354e-02, PNorm = 43.1070, GNorm = 1.4727, lr_0 = 1.9950e-04
Loss = 4.4543e-02, PNorm = 43.1103, GNorm = 0.5239, lr_0 = 1.9880e-04
Loss = 4.0520e-02, PNorm = 43.1148, GNorm = 1.0546, lr_0 = 1.9811e-04
Loss = 3.1399e-02, PNorm = 43.1198, GNorm = 0.6062, lr_0 = 1.9742e-04
Loss = 3.0866e-02, PNorm = 43.1205, GNorm = 0.4599, lr_0 = 1.9674e-04
Loss = 4.2694e-02, PNorm = 43.1236, GNorm = 0.6400, lr_0 = 1.9605e-04
Loss = 2.9837e-02, PNorm = 43.1291, GNorm = 0.6794, lr_0 = 1.9537e-04
Loss = 2.0171e-02, PNorm = 43.1344, GNorm = 0.3289, lr_0 = 1.9469e-04
Loss = 3.5793e-02, PNorm = 43.1364, GNorm = 0.3892, lr_0 = 1.9401e-04
Loss = 4.6100e-02, PNorm = 43.1389, GNorm = 0.5438, lr_0 = 1.9334e-04
Loss = 2.2545e-02, PNorm = 43.1423, GNorm = 0.3770, lr_0 = 1.9267e-04
Loss = 3.8146e-02, PNorm = 43.1470, GNorm = 0.7138, lr_0 = 1.9200e-04
Validation rmse = 26.137855
Epoch 22
Loss = 2.4144e-02, PNorm = 43.1511, GNorm = 0.4794, lr_0 = 1.9126e-04
Loss = 4.4836e-02, PNorm = 43.1552, GNorm = 0.4050, lr_0 = 1.9060e-04
Loss = 2.3735e-02, PNorm = 43.1584, GNorm = 0.6048, lr_0 = 1.8993e-04
Loss = 3.7237e-02, PNorm = 43.1605, GNorm = 0.4641, lr_0 = 1.8927e-04
Loss = 5.2090e-02, PNorm = 43.1644, GNorm = 0.8681, lr_0 = 1.8861e-04
Loss = 3.5162e-02, PNorm = 43.1691, GNorm = 1.0998, lr_0 = 1.8796e-04
Loss = 2.3462e-02, PNorm = 43.1741, GNorm = 0.3419, lr_0 = 1.8730e-04
Loss = 4.4350e-02, PNorm = 43.1807, GNorm = 0.4332, lr_0 = 1.8665e-04
Loss = 3.0743e-02, PNorm = 43.1864, GNorm = 0.3092, lr_0 = 1.8600e-04
Loss = 3.5858e-02, PNorm = 43.1911, GNorm = 0.5978, lr_0 = 1.8536e-04
Loss = 3.9105e-02, PNorm = 43.1934, GNorm = 0.5718, lr_0 = 1.8471e-04
Loss = 3.4967e-02, PNorm = 43.1949, GNorm = 0.7307, lr_0 = 1.8407e-04
Loss = 3.1149e-02, PNorm = 43.1968, GNorm = 1.2264, lr_0 = 1.8343e-04
Loss = 3.8201e-02, PNorm = 43.1992, GNorm = 0.4452, lr_0 = 1.8279e-04
Loss = 3.4684e-02, PNorm = 43.2012, GNorm = 0.2983, lr_0 = 1.8216e-04
Loss = 3.4050e-02, PNorm = 43.2057, GNorm = 0.4029, lr_0 = 1.8152e-04
Loss = 3.3409e-02, PNorm = 43.2105, GNorm = 0.5471, lr_0 = 1.8089e-04
Loss = 4.1247e-02, PNorm = 43.2145, GNorm = 0.5846, lr_0 = 1.8026e-04
Loss = 3.5587e-02, PNorm = 43.2200, GNorm = 0.5154, lr_0 = 1.7963e-04
Loss = 3.6097e-02, PNorm = 43.2244, GNorm = 1.1319, lr_0 = 1.7901e-04
Loss = 4.7458e-02, PNorm = 43.2276, GNorm = 0.8557, lr_0 = 1.7839e-04
Loss = 3.2016e-02, PNorm = 43.2322, GNorm = 0.9302, lr_0 = 1.7777e-04
Loss = 2.9460e-02, PNorm = 43.2364, GNorm = 0.6638, lr_0 = 1.7715e-04
Loss = 4.4047e-02, PNorm = 43.2384, GNorm = 1.3000, lr_0 = 1.7653e-04
Validation rmse = 26.465473
Epoch 23
Loss = 3.5406e-02, PNorm = 43.2405, GNorm = 0.6712, lr_0 = 1.7592e-04
Loss = 4.2325e-02, PNorm = 43.2470, GNorm = 0.4795, lr_0 = 1.7531e-04
Loss = 2.9946e-02, PNorm = 43.2517, GNorm = 0.2714, lr_0 = 1.7470e-04
Loss = 4.3466e-02, PNorm = 43.2553, GNorm = 0.2306, lr_0 = 1.7409e-04
Loss = 4.7427e-02, PNorm = 43.2585, GNorm = 0.2826, lr_0 = 1.7348e-04
Loss = 3.0260e-02, PNorm = 43.2620, GNorm = 0.6246, lr_0 = 1.7288e-04
Loss = 3.1947e-02, PNorm = 43.2648, GNorm = 0.6496, lr_0 = 1.7228e-04
Loss = 2.8067e-02, PNorm = 43.2670, GNorm = 1.0133, lr_0 = 1.7168e-04
Loss = 3.5733e-02, PNorm = 43.2704, GNorm = 0.8150, lr_0 = 1.7108e-04
Loss = 2.9334e-02, PNorm = 43.2761, GNorm = 0.4760, lr_0 = 1.7049e-04
Loss = 2.8927e-02, PNorm = 43.2798, GNorm = 0.8024, lr_0 = 1.6989e-04
Loss = 2.8033e-02, PNorm = 43.2806, GNorm = 0.3828, lr_0 = 1.6930e-04
Loss = 2.6240e-02, PNorm = 43.2817, GNorm = 0.4604, lr_0 = 1.6871e-04
Loss = 3.5204e-02, PNorm = 43.2837, GNorm = 0.8982, lr_0 = 1.6813e-04
Loss = 3.4464e-02, PNorm = 43.2869, GNorm = 0.3888, lr_0 = 1.6754e-04
Loss = 5.5811e-02, PNorm = 43.2894, GNorm = 0.6012, lr_0 = 1.6696e-04
Loss = 4.2345e-02, PNorm = 43.2930, GNorm = 0.3976, lr_0 = 1.6638e-04
Loss = 2.9666e-02, PNorm = 43.2974, GNorm = 0.3283, lr_0 = 1.6580e-04
Loss = 4.3228e-02, PNorm = 43.3001, GNorm = 0.6450, lr_0 = 1.6522e-04
Loss = 3.0790e-02, PNorm = 43.3030, GNorm = 0.3030, lr_0 = 1.6465e-04
Loss = 4.5017e-02, PNorm = 43.3049, GNorm = 0.4765, lr_0 = 1.6407e-04
Loss = 3.1120e-02, PNorm = 43.3078, GNorm = 0.4739, lr_0 = 1.6350e-04
Loss = 2.5768e-02, PNorm = 43.3098, GNorm = 0.3712, lr_0 = 1.6294e-04
Validation rmse = 28.561330
Epoch 24
Loss = 5.0760e-02, PNorm = 43.3129, GNorm = 1.2841, lr_0 = 1.6231e-04
Loss = 5.3502e-02, PNorm = 43.3176, GNorm = 0.7172, lr_0 = 1.6175e-04
Loss = 5.1967e-02, PNorm = 43.3231, GNorm = 0.4431, lr_0 = 1.6118e-04
Loss = 4.8160e-02, PNorm = 43.3270, GNorm = 0.7566, lr_0 = 1.6062e-04
Loss = 2.3491e-02, PNorm = 43.3313, GNorm = 0.6964, lr_0 = 1.6007e-04
Loss = 3.4343e-02, PNorm = 43.3347, GNorm = 0.5359, lr_0 = 1.5951e-04
Loss = 3.3127e-02, PNorm = 43.3380, GNorm = 0.5928, lr_0 = 1.5895e-04
Loss = 2.6831e-02, PNorm = 43.3419, GNorm = 0.3740, lr_0 = 1.5840e-04
Loss = 4.2917e-02, PNorm = 43.3446, GNorm = 0.4310, lr_0 = 1.5785e-04
Loss = 3.0319e-02, PNorm = 43.3474, GNorm = 0.5772, lr_0 = 1.5730e-04
Loss = 5.4664e-02, PNorm = 43.3521, GNorm = 0.4532, lr_0 = 1.5675e-04
Loss = 2.1370e-02, PNorm = 43.3555, GNorm = 0.7967, lr_0 = 1.5621e-04
Loss = 3.1330e-02, PNorm = 43.3575, GNorm = 0.9000, lr_0 = 1.5567e-04
Loss = 3.0419e-02, PNorm = 43.3592, GNorm = 0.8457, lr_0 = 1.5512e-04
Loss = 2.9557e-02, PNorm = 43.3624, GNorm = 0.4203, lr_0 = 1.5458e-04
Loss = 2.7450e-02, PNorm = 43.3641, GNorm = 0.5040, lr_0 = 1.5405e-04
Loss = 5.3010e-02, PNorm = 43.3665, GNorm = 0.5612, lr_0 = 1.5351e-04
Loss = 2.6734e-02, PNorm = 43.3700, GNorm = 0.7061, lr_0 = 1.5298e-04
Loss = 3.8777e-02, PNorm = 43.3725, GNorm = 0.9935, lr_0 = 1.5244e-04
Loss = 3.3594e-02, PNorm = 43.3738, GNorm = 0.8334, lr_0 = 1.5191e-04
Loss = 2.8743e-02, PNorm = 43.3761, GNorm = 1.0228, lr_0 = 1.5139e-04
Loss = 3.8416e-02, PNorm = 43.3797, GNorm = 0.6945, lr_0 = 1.5086e-04
Loss = 4.1890e-02, PNorm = 43.3812, GNorm = 0.8873, lr_0 = 1.5033e-04
Loss = 2.1021e-02, PNorm = 43.3824, GNorm = 0.5340, lr_0 = 1.4981e-04
Validation rmse = 25.957132
Epoch 25
Loss = 1.8305e-02, PNorm = 43.3846, GNorm = 0.4285, lr_0 = 1.4924e-04
Loss = 2.8526e-02, PNorm = 43.3863, GNorm = 0.4587, lr_0 = 1.4872e-04
Loss = 3.7298e-02, PNorm = 43.3896, GNorm = 0.8069, lr_0 = 1.4820e-04
Loss = 1.9475e-02, PNorm = 43.3913, GNorm = 0.3485, lr_0 = 1.4769e-04
Loss = 1.5957e-02, PNorm = 43.3938, GNorm = 0.2234, lr_0 = 1.4717e-04
Loss = 1.7540e-02, PNorm = 43.3959, GNorm = 0.3446, lr_0 = 1.4666e-04
Loss = 2.3338e-02, PNorm = 43.3984, GNorm = 0.5384, lr_0 = 1.4615e-04
Loss = 2.4525e-02, PNorm = 43.4018, GNorm = 0.5732, lr_0 = 1.4564e-04
Loss = 3.9627e-02, PNorm = 43.4053, GNorm = 0.9550, lr_0 = 1.4514e-04
Loss = 4.0465e-02, PNorm = 43.4083, GNorm = 0.2401, lr_0 = 1.4463e-04
Loss = 3.7925e-02, PNorm = 43.4116, GNorm = 0.7418, lr_0 = 1.4413e-04
Loss = 3.0595e-02, PNorm = 43.4143, GNorm = 0.4564, lr_0 = 1.4363e-04
Loss = 3.8655e-02, PNorm = 43.4185, GNorm = 0.8326, lr_0 = 1.4313e-04
Loss = 3.7430e-02, PNorm = 43.4219, GNorm = 0.3854, lr_0 = 1.4263e-04
Loss = 1.7001e-02, PNorm = 43.4234, GNorm = 0.7078, lr_0 = 1.4213e-04
Loss = 2.7471e-02, PNorm = 43.4256, GNorm = 0.3380, lr_0 = 1.4164e-04
Loss = 4.0684e-02, PNorm = 43.4274, GNorm = 1.1575, lr_0 = 1.4115e-04
Loss = 2.9691e-02, PNorm = 43.4286, GNorm = 0.3807, lr_0 = 1.4065e-04
Loss = 2.9501e-02, PNorm = 43.4307, GNorm = 0.5853, lr_0 = 1.4017e-04
Loss = 4.5260e-02, PNorm = 43.4318, GNorm = 0.4424, lr_0 = 1.3968e-04
Loss = 4.2321e-02, PNorm = 43.4347, GNorm = 0.4311, lr_0 = 1.3919e-04
Loss = 5.2947e-02, PNorm = 43.4382, GNorm = 0.3551, lr_0 = 1.3871e-04
Loss = 4.6492e-02, PNorm = 43.4416, GNorm = 0.4257, lr_0 = 1.3823e-04
Loss = 3.4237e-02, PNorm = 43.4456, GNorm = 0.5638, lr_0 = 1.3774e-04
Validation rmse = 25.178069
Epoch 26
Loss = 3.2986e-02, PNorm = 43.4481, GNorm = 0.2838, lr_0 = 1.3722e-04
Loss = 3.7677e-02, PNorm = 43.4502, GNorm = 0.7364, lr_0 = 1.3674e-04
Loss = 4.6577e-02, PNorm = 43.4537, GNorm = 0.9290, lr_0 = 1.3626e-04
Loss = 5.0472e-02, PNorm = 43.4571, GNorm = 0.6987, lr_0 = 1.3579e-04
Loss = 3.0249e-02, PNorm = 43.4571, GNorm = 0.3950, lr_0 = 1.3532e-04
Loss = 2.0665e-02, PNorm = 43.4596, GNorm = 0.4755, lr_0 = 1.3485e-04
Loss = 2.4787e-02, PNorm = 43.4624, GNorm = 0.6045, lr_0 = 1.3438e-04
Loss = 3.3340e-02, PNorm = 43.4655, GNorm = 0.5434, lr_0 = 1.3391e-04
Loss = 2.4808e-02, PNorm = 43.4687, GNorm = 0.6927, lr_0 = 1.3345e-04
Loss = 2.2339e-02, PNorm = 43.4715, GNorm = 0.6222, lr_0 = 1.3298e-04
Loss = 4.6961e-02, PNorm = 43.4734, GNorm = 0.8695, lr_0 = 1.3252e-04
Loss = 4.0373e-02, PNorm = 43.4747, GNorm = 0.4928, lr_0 = 1.3206e-04
Loss = 3.7158e-02, PNorm = 43.4769, GNorm = 0.7590, lr_0 = 1.3160e-04
Loss = 3.4941e-02, PNorm = 43.4788, GNorm = 1.1635, lr_0 = 1.3114e-04
Loss = 3.8750e-02, PNorm = 43.4816, GNorm = 0.6640, lr_0 = 1.3068e-04
Loss = 3.0535e-02, PNorm = 43.4833, GNorm = 0.3617, lr_0 = 1.3023e-04
Loss = 2.7738e-02, PNorm = 43.4851, GNorm = 0.8228, lr_0 = 1.2978e-04
Loss = 3.5078e-02, PNorm = 43.4876, GNorm = 0.6039, lr_0 = 1.2933e-04
Loss = 4.1100e-02, PNorm = 43.4895, GNorm = 0.4248, lr_0 = 1.2888e-04
Loss = 2.3591e-02, PNorm = 43.4917, GNorm = 0.3252, lr_0 = 1.2843e-04
Loss = 2.7181e-02, PNorm = 43.4931, GNorm = 0.2942, lr_0 = 1.2798e-04
Loss = 2.5246e-02, PNorm = 43.4950, GNorm = 0.2963, lr_0 = 1.2754e-04
Loss = 2.6040e-02, PNorm = 43.4983, GNorm = 0.8114, lr_0 = 1.2709e-04
Validation rmse = 25.053655
Epoch 27
Loss = 2.1489e-02, PNorm = 43.5016, GNorm = 0.7266, lr_0 = 1.2661e-04
Loss = 3.5816e-02, PNorm = 43.5037, GNorm = 1.0732, lr_0 = 1.2616e-04
Loss = 1.8893e-02, PNorm = 43.5049, GNorm = 0.2228, lr_0 = 1.2573e-04
Loss = 3.2545e-02, PNorm = 43.5080, GNorm = 0.7906, lr_0 = 1.2529e-04
Loss = 2.1888e-02, PNorm = 43.5096, GNorm = 0.3993, lr_0 = 1.2485e-04
Loss = 3.7962e-02, PNorm = 43.5120, GNorm = 0.5654, lr_0 = 1.2442e-04
Loss = 3.1019e-02, PNorm = 43.5141, GNorm = 0.3705, lr_0 = 1.2399e-04
Loss = 2.7078e-02, PNorm = 43.5176, GNorm = 0.5119, lr_0 = 1.2355e-04
Loss = 2.6706e-02, PNorm = 43.5199, GNorm = 0.3756, lr_0 = 1.2312e-04
Loss = 3.6209e-02, PNorm = 43.5225, GNorm = 0.3024, lr_0 = 1.2270e-04
Loss = 3.2183e-02, PNorm = 43.5252, GNorm = 0.4683, lr_0 = 1.2227e-04
Loss = 2.9123e-02, PNorm = 43.5282, GNorm = 0.5850, lr_0 = 1.2184e-04
Loss = 2.9331e-02, PNorm = 43.5299, GNorm = 0.7425, lr_0 = 1.2142e-04
Loss = 4.4861e-02, PNorm = 43.5314, GNorm = 0.4346, lr_0 = 1.2100e-04
Loss = 2.8373e-02, PNorm = 43.5319, GNorm = 0.3860, lr_0 = 1.2058e-04
Loss = 3.2988e-02, PNorm = 43.5344, GNorm = 0.5079, lr_0 = 1.2016e-04
Loss = 2.4088e-02, PNorm = 43.5367, GNorm = 0.2788, lr_0 = 1.1974e-04
Loss = 3.2588e-02, PNorm = 43.5385, GNorm = 0.3612, lr_0 = 1.1932e-04
Loss = 2.0345e-02, PNorm = 43.5405, GNorm = 0.3759, lr_0 = 1.1891e-04
Loss = 3.7980e-02, PNorm = 43.5429, GNorm = 0.7159, lr_0 = 1.1849e-04
Loss = 3.4232e-02, PNorm = 43.5444, GNorm = 0.4429, lr_0 = 1.1808e-04
Loss = 3.4851e-02, PNorm = 43.5470, GNorm = 0.2085, lr_0 = 1.1767e-04
Loss = 4.5245e-02, PNorm = 43.5490, GNorm = 0.2943, lr_0 = 1.1726e-04
Loss = 3.9036e-02, PNorm = 43.5498, GNorm = 0.3865, lr_0 = 1.1685e-04
Validation rmse = 26.834033
Epoch 28
Loss = 1.8990e-02, PNorm = 43.5494, GNorm = 0.4041, lr_0 = 1.1645e-04
Loss = 2.5191e-02, PNorm = 43.5507, GNorm = 0.5841, lr_0 = 1.1604e-04
Loss = 2.7681e-02, PNorm = 43.5524, GNorm = 0.9228, lr_0 = 1.1564e-04
Loss = 3.2943e-02, PNorm = 43.5544, GNorm = 0.6893, lr_0 = 1.1524e-04
Loss = 2.3085e-02, PNorm = 43.5569, GNorm = 0.8672, lr_0 = 1.1484e-04
Loss = 4.3771e-02, PNorm = 43.5590, GNorm = 0.3627, lr_0 = 1.1444e-04
Loss = 1.2819e-02, PNorm = 43.5615, GNorm = 0.4246, lr_0 = 1.1404e-04
Loss = 4.3406e-02, PNorm = 43.5629, GNorm = 0.5486, lr_0 = 1.1364e-04
Loss = 2.6981e-02, PNorm = 43.5646, GNorm = 0.3328, lr_0 = 1.1325e-04
Loss = 3.6228e-02, PNorm = 43.5668, GNorm = 0.6568, lr_0 = 1.1285e-04
Loss = 2.7221e-02, PNorm = 43.5693, GNorm = 0.6376, lr_0 = 1.1246e-04
Loss = 4.4165e-02, PNorm = 43.5716, GNorm = 0.5858, lr_0 = 1.1207e-04
Loss = 3.1892e-02, PNorm = 43.5731, GNorm = 0.4665, lr_0 = 1.1168e-04
Loss = 4.8232e-02, PNorm = 43.5753, GNorm = 0.6804, lr_0 = 1.1129e-04
Loss = 3.1838e-02, PNorm = 43.5774, GNorm = 0.4262, lr_0 = 1.1090e-04
Loss = 4.4797e-02, PNorm = 43.5812, GNorm = 0.5355, lr_0 = 1.1052e-04
Loss = 2.2792e-02, PNorm = 43.5836, GNorm = 0.3394, lr_0 = 1.1013e-04
Loss = 2.4379e-02, PNorm = 43.5854, GNorm = 0.4014, lr_0 = 1.0975e-04
Loss = 3.4225e-02, PNorm = 43.5861, GNorm = 0.4379, lr_0 = 1.0937e-04
Loss = 4.6019e-02, PNorm = 43.5867, GNorm = 0.6991, lr_0 = 1.0899e-04
Loss = 1.9843e-02, PNorm = 43.5876, GNorm = 0.3349, lr_0 = 1.0861e-04
Loss = 2.8872e-02, PNorm = 43.5888, GNorm = 0.3623, lr_0 = 1.0823e-04
Loss = 3.9878e-02, PNorm = 43.5910, GNorm = 0.5936, lr_0 = 1.0785e-04
Loss = 2.9196e-02, PNorm = 43.5933, GNorm = 0.3715, lr_0 = 1.0748e-04
Loss = 1.2370e-02, PNorm = 43.5936, GNorm = 1.1170, lr_0 = 1.0744e-04
Validation rmse = 25.407461
Epoch 29
Loss = 4.3199e-02, PNorm = 43.5964, GNorm = 0.4713, lr_0 = 1.0707e-04
Loss = 3.3639e-02, PNorm = 43.5987, GNorm = 0.5087, lr_0 = 1.0670e-04
Loss = 5.9354e-02, PNorm = 43.6001, GNorm = 0.5501, lr_0 = 1.0632e-04
Loss = 3.8841e-02, PNorm = 43.6026, GNorm = 0.7798, lr_0 = 1.0595e-04
Loss = 3.2021e-02, PNorm = 43.6041, GNorm = 0.6565, lr_0 = 1.0559e-04
Loss = 3.3471e-02, PNorm = 43.6057, GNorm = 1.0077, lr_0 = 1.0522e-04
Loss = 2.3238e-02, PNorm = 43.6077, GNorm = 0.3120, lr_0 = 1.0485e-04
Loss = 2.0622e-02, PNorm = 43.6102, GNorm = 0.2811, lr_0 = 1.0449e-04
Loss = 2.4347e-02, PNorm = 43.6125, GNorm = 0.5095, lr_0 = 1.0412e-04
Loss = 2.4051e-02, PNorm = 43.6144, GNorm = 0.3639, lr_0 = 1.0376e-04
Loss = 1.8766e-02, PNorm = 43.6160, GNorm = 0.3328, lr_0 = 1.0340e-04
Loss = 3.4356e-02, PNorm = 43.6170, GNorm = 0.2575, lr_0 = 1.0304e-04
Loss = 5.1439e-02, PNorm = 43.6176, GNorm = 1.2654, lr_0 = 1.0268e-04
Loss = 3.9939e-02, PNorm = 43.6186, GNorm = 0.9887, lr_0 = 1.0233e-04
Loss = 2.1679e-02, PNorm = 43.6192, GNorm = 0.7087, lr_0 = 1.0197e-04
Loss = 3.0116e-02, PNorm = 43.6206, GNorm = 0.7575, lr_0 = 1.0162e-04
Loss = 2.6951e-02, PNorm = 43.6227, GNorm = 1.1991, lr_0 = 1.0126e-04
Loss = 2.5342e-02, PNorm = 43.6251, GNorm = 0.4536, lr_0 = 1.0091e-04
Loss = 2.2899e-02, PNorm = 43.6279, GNorm = 0.5880, lr_0 = 1.0056e-04
Loss = 2.5573e-02, PNorm = 43.6308, GNorm = 0.3579, lr_0 = 1.0021e-04
Loss = 3.9885e-02, PNorm = 43.6315, GNorm = 0.5285, lr_0 = 1.0000e-04
Loss = 2.5436e-02, PNorm = 43.6328, GNorm = 0.6773, lr_0 = 1.0000e-04
Loss = 3.5934e-02, PNorm = 43.6357, GNorm = 0.4363, lr_0 = 1.0000e-04
Validation rmse = 25.174135
Model 0 best validation rmse = 25.053655 on epoch 26
Loading pretrained parameter "encoder.encoder.0.cached_zero_vector".
Loading pretrained parameter "encoder.encoder.0.W_i.weight".
Loading pretrained parameter "encoder.encoder.0.W_h.weight".
Loading pretrained parameter "encoder.encoder.0.W_o.weight".
Loading pretrained parameter "encoder.encoder.0.W_o.bias".
Loading pretrained parameter "readout.1.weight".
Loading pretrained parameter "readout.1.bias".
Loading pretrained parameter "readout.4.weight".
Loading pretrained parameter "readout.4.bias".
Model 0 test rmse = 23.833938
Ensemble test rmse = 23.833938
1-fold cross validation
	Seed 0 ==> test rmse = 23.833938
Overall test rmse = 23.833938 +/- 0.000000
Elapsed time = 1:10:44
